# JRE version: Java(TM) SE Runtime Environment (7.0_60-b19) (build 1.7.0_60-b19)
# Java VM: Java HotSpot(TM) 64-Bit Server VM (24.60-b09 mixed mode bsd-amd64 compressed oops)
Heap
 par new generation   total 306688K, used 195073K [0x00000007bae00000, 0x00000007cfac0000, 0x00000007cfac0000)
  eden space 272640K,  66% used [0x00000007bae00000, 0x00000007c5dcd9e8, 0x00000007cb840000)
  from space 34048K,  44% used [0x00000007cd980000, 0x00000007ce832cf8, 0x00000007cfac0000)
  to   space 34048K,   0% used [0x00000007cb840000, 0x00000007cb840000, 0x00000007cd980000)
 concurrent mark-sweep generation total 707840K, used 95132K [0x00000007cfac0000, 0x00000007fae00000, 0x00000007fae00000)
 concurrent-mark-sweep perm gen total 62388K, used 38292K [0x00000007fae00000, 0x00000007feaed000, 0x0000000800000000)
GC Heap History (10 events):
Event: 107.472 GC heap before
{Heap before GC invocations=30 (full 10):
 par new generation   total 306688K, used 296822K [0x00000007bae00000, 0x00000007cfac0000, 0x00000007cfac0000)
  eden space 272640K, 100% used [0x00000007bae00000, 0x00000007cb840000, 0x00000007cb840000)
  from space 34048K,  71% used [0x00000007cb840000, 0x00000007ccfdd870, 0x00000007cd980000)
  to   space 34048K,   0% used [0x00000007cd980000, 0x00000007cd980000, 0x00000007cfac0000)
 concurrent mark-sweep generation total 707840K, used 89236K [0x00000007cfac0000, 0x00000007fae00000, 0x00000007fae00000)
 concurrent-mark-sweep perm gen total 62388K, used 38168K [0x00000007fae00000, 0x00000007feaed000, 0x0000000800000000)
Event: 107.481 GC heap after
Heap after GC invocations=31 (full 10):
 par new generation   total 306688K, used 14433K [0x00000007bae00000, 0x00000007cfac0000, 0x00000007cfac0000)
  eden space 272640K,   0% used [0x00000007bae00000, 0x00000007bae00000, 0x00000007cb840000)
  from space 34048K,  42% used [0x00000007cd980000, 0x00000007ce7987c8, 0x00000007cfac0000)
  to   space 34048K,   0% used [0x00000007cb840000, 0x00000007cb840000, 0x00000007cd980000)
 concurrent mark-sweep generation total 707840K, used 89792K [0x00000007cfac0000, 0x00000007fae00000, 0x00000007fae00000)
 concurrent-mark-sweep perm gen total 62388K, used 38168K [0x00000007fae00000, 0x00000007feaed000, 0x0000000800000000)
}
Event: 110.870 GC heap before
{Heap before GC invocations=31 (full 10):
 par new generation   total 306688K, used 287073K [0x00000007bae00000, 0x00000007cfac0000, 0x00000007cfac0000)
  eden space 272640K, 100% used [0x00000007bae00000, 0x00000007cb840000, 0x00000007cb840000)
  from space 34048K,  42% used [0x00000007cd980000, 0x00000007ce7987c8, 0x00000007cfac0000)
  to   space 34048K,   0% used [0x00000007cb840000, 0x00000007cb840000, 0x00000007cd980000)
 concurrent mark-sweep generation total 707840K, used 89792K [0x00000007cfac0000, 0x00000007fae00000, 0x00000007fae00000)
 concurrent-mark-sweep perm gen total 62388K, used 38207K [0x00000007fae00000, 0x00000007feaed000, 0x0000000800000000)
Event: 110.879 GC heap after
Heap after GC invocations=32 (full 10):
 par new generation   total 306688K, used 21021K [0x00000007bae00000, 0x00000007cfac0000, 0x00000007cfac0000)
  eden space 272640K,   0% used [0x00000007bae00000, 0x00000007bae00000, 0x00000007cb840000)
  from space 34048K,  61% used [0x00000007cb840000, 0x00000007cccc7588, 0x00000007cd980000)
  to   space 34048K,   0% used [0x00000007cd980000, 0x00000007cd980000, 0x00000007cfac0000)
 concurrent mark-sweep generation total 707840K, used 90174K [0x00000007cfac0000, 0x00000007fae00000, 0x00000007fae00000)
 concurrent-mark-sweep perm gen total 62388K, used 38207K [0x00000007fae00000, 0x00000007feaed000, 0x0000000800000000)
}
Event: 114.738 GC heap before
{Heap before GC invocations=32 (full 10):
 par new generation   total 306688K, used 293661K [0x00000007bae00000, 0x00000007cfac0000, 0x00000007cfac0000)
  eden space 272640K, 100% used [0x00000007bae00000, 0x00000007cb840000, 0x00000007cb840000)
  from space 34048K,  61% used [0x00000007cb840000, 0x00000007cccc7588, 0x00000007cd980000)
  to   space 34048K,   0% used [0x00000007cd980000, 0x00000007cd980000, 0x00000007cfac0000)
 concurrent mark-sweep generation total 707840K, used 90174K [0x00000007cfac0000, 0x00000007fae00000, 0x00000007fae00000)
 concurrent-mark-sweep perm gen total 62388K, used 38220K [0x00000007fae00000, 0x00000007feaed000, 0x0000000800000000)
Event: 114.747 GC heap after
Heap after GC invocations=33 (full 10):
 par new generation   total 306688K, used 20131K [0x00000007bae00000, 0x00000007cfac0000, 0x00000007cfac0000)
  eden space 272640K,   0% used [0x00000007bae00000, 0x00000007bae00000, 0x00000007cb840000)
  from space 34048K,  59% used [0x00000007cd980000, 0x00000007ced28e88, 0x00000007cfac0000)
  to   space 34048K,   0% used [0x00000007cb840000, 0x00000007cb840000, 0x00000007cd980000)
 concurrent mark-sweep generation total 707840K, used 90821K [0x00000007cfac0000, 0x00000007fae00000, 0x00000007fae00000)
 concurrent-mark-sweep perm gen total 62388K, used 38220K [0x00000007fae00000, 0x00000007feaed000, 0x0000000800000000)
}
Event: 121.924 GC heap before
{Heap before GC invocations=33 (full 10):
 par new generation   total 306688K, used 292771K [0x00000007bae00000, 0x00000007cfac0000, 0x00000007cfac0000)
  eden space 272640K, 100% used [0x00000007bae00000, 0x00000007cb840000, 0x00000007cb840000)
  from space 34048K,  59% used [0x00000007cd980000, 0x00000007ced28e88, 0x00000007cfac0000)
  to   space 34048K,   0% used [0x00000007cb840000, 0x00000007cb840000, 0x00000007cd980000)
 concurrent mark-sweep generation total 707840K, used 90821K [0x00000007cfac0000, 0x00000007fae00000, 0x00000007fae00000)
 concurrent-mark-sweep perm gen total 62388K, used 38235K [0x00000007fae00000, 0x00000007feaed000, 0x0000000800000000)
Event: 121.936 GC heap after
Heap after GC invocations=34 (full 10):
 par new generation   total 306688K, used 16606K [0x00000007bae00000, 0x00000007cfac0000, 0x00000007cfac0000)
  eden space 272640K,   0% used [0x00000007bae00000, 0x00000007bae00000, 0x00000007cb840000)
  from space 34048K,  48% used [0x00000007cb840000, 0x00000007cc8778b0, 0x00000007cd980000)
  to   space 34048K,   0% used [0x00000007cd980000, 0x00000007cd980000, 0x00000007cfac0000)
 concurrent mark-sweep generation total 707840K, used 93252K [0x00000007cfac0000, 0x00000007fae00000, 0x00000007fae00000)
 concurrent-mark-sweep perm gen total 62388K, used 38235K [0x00000007fae00000, 0x00000007feaed000, 0x0000000800000000)
}
Event: 133.715 GC heap before
{Heap before GC invocations=34 (full 10):
 par new generation   total 306688K, used 289246K [0x00000007bae00000, 0x00000007cfac0000, 0x00000007cfac0000)
  eden space 272640K, 100% used [0x00000007bae00000, 0x00000007cb840000, 0x00000007cb840000)
  from space 34048K,  48% used [0x00000007cb840000, 0x00000007cc8778b0, 0x00000007cd980000)
  to   space 34048K,   0% used [0x00000007cd980000, 0x00000007cd980000, 0x00000007cfac0000)
 concurrent mark-sweep generation total 707840K, used 93252K [0x00000007cfac0000, 0x00000007fae00000, 0x00000007fae00000)
 concurrent-mark-sweep perm gen total 62388K, used 38260K [0x00000007fae00000, 0x00000007feaed000, 0x0000000800000000)
Event: 133.728 GC heap after
Heap after GC invocations=35 (full 10):
 par new generation   total 306688K, used 15051K [0x00000007bae00000, 0x00000007cfac0000, 0x00000007cfac0000)
  eden space 272640K,   0% used [0x00000007bae00000, 0x00000007bae00000, 0x00000007cb840000)
  from space 34048K,  44% used [0x00000007cd980000, 0x00000007ce832cf8, 0x00000007cfac0000)
  to   space 34048K,   0% used [0x00000007cb840000, 0x00000007cb840000, 0x00000007cd980000)
 concurrent mark-sweep generation total 707840K, used 95132K [0x00000007cfac0000, 0x00000007fae00000, 0x00000007fae00000)
 concurrent-mark-sweep perm gen total 62388K, used 38260K [0x00000007fae00000, 0x00000007feaed000, 0x0000000800000000)
}

