# JRE version: Java(TM) SE Runtime Environment (7.0_60-b19) (build 1.7.0_60-b19)
# Java VM: Java HotSpot(TM) 64-Bit Server VM (24.60-b09 mixed mode bsd-amd64 compressed oops)
Heap
 par new generation   total 306688K, used 215092K [0x00000007bae00000, 0x00000007cfac0000, 0x00000007cfac0000)
  eden space 272640K,  66% used [0x00000007bae00000, 0x00000007c5ecd3d0, 0x00000007cb840000)
  from space 34048K,  99% used [0x00000007cb840000, 0x00000007cd97fff8, 0x00000007cd980000)
  to   space 34048K,   0% used [0x00000007cd980000, 0x00000007cd980000, 0x00000007cfac0000)
 concurrent mark-sweep generation total 707840K, used 61249K [0x00000007cfac0000, 0x00000007fae00000, 0x00000007fae00000)
 concurrent-mark-sweep perm gen total 40012K, used 28494K [0x00000007fae00000, 0x00000007fd513000, 0x0000000800000000)
GC Heap History (10 events):
Event: 8.673 GC heap before
{Heap before GC invocations=0 (full 0):
 par new generation   total 306688K, used 60043K [0x00000007bae00000, 0x00000007cfac0000, 0x00000007cfac0000)
  eden space 272640K,  22% used [0x00000007bae00000, 0x00000007be8a2df8, 0x00000007cb840000)
  from space 34048K,   0% used [0x00000007cb840000, 0x00000007cb840000, 0x00000007cd980000)
  to   space 34048K,   0% used [0x00000007cd980000, 0x00000007cd980000, 0x00000007cfac0000)
 concurrent mark-sweep generation total 707840K, used 0K [0x00000007cfac0000, 0x00000007fae00000, 0x00000007fae00000)
 concurrent-mark-sweep perm gen total 21248K, used 10188K [0x00000007fae00000, 0x00000007fc2c0000, 0x0000000800000000)
Event: 8.722 GC heap after
Heap after GC invocations=1 (full 1):
 par new generation   total 306688K, used 0K [0x00000007bae00000, 0x00000007cfac0000, 0x00000007cfac0000)
  eden space 272640K,   0% used [0x00000007bae00000, 0x00000007bae00000, 0x00000007cb840000)
  from space 34048K,   0% used [0x00000007cb840000, 0x00000007cb840000, 0x00000007cd980000)
  to   space 34048K,   0% used [0x00000007cd980000, 0x00000007cd980000, 0x00000007cfac0000)
 concurrent mark-sweep generation total 707840K, used 5324K [0x00000007cfac0000, 0x00000007fae00000, 0x00000007fae00000)
 concurrent-mark-sweep perm gen total 21248K, used 10185K [0x00000007fae00000, 0x00000007fc2c0000, 0x0000000800000000)
}
Event: 18.549 GC heap before
{Heap before GC invocations=1 (full 2):
 par new generation   total 306688K, used 272640K [0x00000007bae00000, 0x00000007cfac0000, 0x00000007cfac0000)
  eden space 272640K, 100% used [0x00000007bae00000, 0x00000007cb840000, 0x00000007cb840000)
  from space 34048K,   0% used [0x00000007cb840000, 0x00000007cb840000, 0x00000007cd980000)
  to   space 34048K,   0% used [0x00000007cd980000, 0x00000007cd980000, 0x00000007cfac0000)
 concurrent mark-sweep generation total 707840K, used 5324K [0x00000007cfac0000, 0x00000007fae00000, 0x00000007fae00000)
 concurrent-mark-sweep perm gen total 21248K, used 18260K [0x00000007fae00000, 0x00000007fc2c0000, 0x0000000800000000)
Event: 18.616 GC heap after
Heap after GC invocations=2 (full 2):
 par new generation   total 306688K, used 27463K [0x00000007bae00000, 0x00000007cfac0000, 0x00000007cfac0000)
  eden space 272640K,   0% used [0x00000007bae00000, 0x00000007bae00000, 0x00000007cb840000)
  from space 34048K,  80% used [0x00000007cd980000, 0x00000007cf451f48, 0x00000007cfac0000)
  to   space 34048K,   0% used [0x00000007cb840000, 0x00000007cb840000, 0x00000007cd980000)
 concurrent mark-sweep generation total 707840K, used 5324K [0x00000007cfac0000, 0x00000007fae00000, 0x00000007fae00000)
 concurrent-mark-sweep perm gen total 21248K, used 18260K [0x00000007fae00000, 0x00000007fc2c0000, 0x0000000800000000)
}
Event: 28.536 GC heap before
{Heap before GC invocations=2 (full 2):
 par new generation   total 306688K, used 300103K [0x00000007bae00000, 0x00000007cfac0000, 0x00000007cfac0000)
  eden space 272640K, 100% used [0x00000007bae00000, 0x00000007cb840000, 0x00000007cb840000)
  from space 34048K,  80% used [0x00000007cd980000, 0x00000007cf451f48, 0x00000007cfac0000)
  to   space 34048K,   0% used [0x00000007cb840000, 0x00000007cb840000, 0x00000007cd980000)
 concurrent mark-sweep generation total 707840K, used 2217K [0x00000007cfac0000, 0x00000007fae00000, 0x00000007fae00000)
 concurrent-mark-sweep perm gen total 38020K, used 23253K [0x00000007fae00000, 0x00000007fd321000, 0x0000000800000000)
Event: 28.654 GC heap after
Heap after GC invocations=3 (full 2):
 par new generation   total 306688K, used 22341K [0x00000007bae00000, 0x00000007cfac0000, 0x00000007cfac0000)
  eden space 272640K,   0% used [0x00000007bae00000, 0x00000007bae00000, 0x00000007cb840000)
  from space 34048K,  65% used [0x00000007cb840000, 0x00000007cce11780, 0x00000007cd980000)
  to   space 34048K,   0% used [0x00000007cd980000, 0x00000007cd980000, 0x00000007cfac0000)
 concurrent mark-sweep generation total 707840K, used 23325K [0x00000007cfac0000, 0x00000007fae00000, 0x00000007fae00000)
 concurrent-mark-sweep perm gen total 38020K, used 23253K [0x00000007fae00000, 0x00000007fd321000, 0x0000000800000000)
}
Event: 31.563 GC heap before
{Heap before GC invocations=3 (full 3):
 par new generation   total 306688K, used 294981K [0x00000007bae00000, 0x00000007cfac0000, 0x00000007cfac0000)
  eden space 272640K, 100% used [0x00000007bae00000, 0x00000007cb840000, 0x00000007cb840000)
  from space 34048K,  65% used [0x00000007cb840000, 0x00000007cce11780, 0x00000007cd980000)
  to   space 34048K,   0% used [0x00000007cd980000, 0x00000007cd980000, 0x00000007cfac0000)
 concurrent mark-sweep generation total 707840K, used 23325K [0x00000007cfac0000, 0x00000007fae00000, 0x00000007fae00000)
 concurrent-mark-sweep perm gen total 38020K, used 23878K [0x00000007fae00000, 0x00000007fd321000, 0x0000000800000000)
Event: 31.651 GC heap after
Heap after GC invocations=4 (full 3):
 par new generation   total 306688K, used 34047K [0x00000007bae00000, 0x00000007cfac0000, 0x00000007cfac0000)
  eden space 272640K,   0% used [0x00000007bae00000, 0x00000007bae00000, 0x00000007cb840000)
  from space 34048K,  99% used [0x00000007cd980000, 0x00000007cfabfff8, 0x00000007cfac0000)
  to   space 34048K,   0% used [0x00000007cb840000, 0x00000007cb840000, 0x00000007cd980000)
 concurrent mark-sweep generation total 707840K, used 44979K [0x00000007cfac0000, 0x00000007fae00000, 0x00000007fae00000)
 concurrent-mark-sweep perm gen total 38020K, used 23878K [0x00000007fae00000, 0x00000007fd321000, 0x0000000800000000)
}
Event: 35.272 GC heap before
{Heap before GC invocations=4 (full 3):
 par new generation   total 306688K, used 306687K [0x00000007bae00000, 0x00000007cfac0000, 0x00000007cfac0000)
  eden space 272640K, 100% used [0x00000007bae00000, 0x00000007cb840000, 0x00000007cb840000)
  from space 34048K,  99% used [0x00000007cd980000, 0x00000007cfabfff8, 0x00000007cfac0000)
  to   space 34048K,   0% used [0x00000007cb840000, 0x00000007cb840000, 0x00000007cd980000)
 concurrent mark-sweep generation total 707840K, used 44893K [0x00000007cfac0000, 0x00000007fae00000, 0x00000007fae00000)
 concurrent-mark-sweep perm gen total 40012K, used 27057K [0x00000007fae00000, 0x00000007fd513000, 0x0000000800000000)
Event: 35.407 GC heap after
Heap after GC invocations=5 (full 3):
 par new generation   total 306688K, used 34047K [0x00000007bae00000, 0x00000007cfac0000, 0x00000007cfac0000)
  eden space 272640K,   0% used [0x00000007bae00000, 0x00000007bae00000, 0x00000007cb840000)
  from space 34048K,  99% used [0x00000007cb840000, 0x00000007cd97fff8, 0x00000007cd980000)
  to   space 34048K,   0% used [0x00000007cd980000, 0x00000007cd980000, 0x00000007cfac0000)
 concurrent mark-sweep generation total 707840K, used 61249K [0x00000007cfac0000, 0x00000007fae00000, 0x00000007fae00000)
 concurrent-mark-sweep perm gen total 40012K, used 27057K [0x00000007fae00000, 0x00000007fd513000, 0x0000000800000000)
}

