# JRE version: Java(TM) SE Runtime Environment (7.0_60-b19) (build 1.7.0_60-b19)
# Java VM: Java HotSpot(TM) 64-Bit Server VM (24.60-b09 mixed mode bsd-amd64 compressed oops)
Heap
 par new generation   total 306688K, used 44100K [0x00000007bae00000, 0x00000007cfac0000, 0x00000007cfac0000)
  eden space 272640K,  15% used [0x00000007bae00000, 0x00000007bd6630c8, 0x00000007cb840000)
  from space 34048K,   8% used [0x00000007cd980000, 0x00000007cdc2dfc8, 0x00000007cfac0000)
  to   space 34048K,   0% used [0x00000007cb840000, 0x00000007cb840000, 0x00000007cd980000)
 concurrent mark-sweep generation total 707840K, used 93320K [0x00000007cfac0000, 0x00000007fae00000, 0x00000007fae00000)
 concurrent-mark-sweep perm gen total 63692K, used 38178K [0x00000007fae00000, 0x00000007fec33000, 0x0000000800000000)
GC Heap History (10 events):
Event: 154.793 GC heap before
{Heap before GC invocations=26 (full 20):
 par new generation   total 306688K, used 273527K [0x00000007bae00000, 0x00000007cfac0000, 0x00000007cfac0000)
  eden space 272640K, 100% used [0x00000007bae00000, 0x00000007cb840000, 0x00000007cb840000)
  from space 34048K,   2% used [0x00000007cb840000, 0x00000007cb91de18, 0x00000007cd980000)
  to   space 34048K,   0% used [0x00000007cd980000, 0x00000007cd980000, 0x00000007cfac0000)
 concurrent mark-sweep generation total 707840K, used 93181K [0x00000007cfac0000, 0x00000007fae00000, 0x00000007fae00000)
 concurrent-mark-sweep perm gen total 63692K, used 38136K [0x00000007fae00000, 0x00000007fec33000, 0x0000000800000000)
Event: 154.797 GC heap after
Heap after GC invocations=27 (full 20):
 par new generation   total 306688K, used 816K [0x00000007bae00000, 0x00000007cfac0000, 0x00000007cfac0000)
  eden space 272640K,   0% used [0x00000007bae00000, 0x00000007bae00000, 0x00000007cb840000)
  from space 34048K,   2% used [0x00000007cd980000, 0x00000007cda4c378, 0x00000007cfac0000)
  to   space 34048K,   0% used [0x00000007cb840000, 0x00000007cb840000, 0x00000007cd980000)
 concurrent mark-sweep generation total 707840K, used 93244K [0x00000007cfac0000, 0x00000007fae00000, 0x00000007fae00000)
 concurrent-mark-sweep perm gen total 63692K, used 38136K [0x00000007fae00000, 0x00000007fec33000, 0x0000000800000000)
}
Event: 162.545 GC heap before
{Heap before GC invocations=27 (full 20):
 par new generation   total 306688K, used 273456K [0x00000007bae00000, 0x00000007cfac0000, 0x00000007cfac0000)
  eden space 272640K, 100% used [0x00000007bae00000, 0x00000007cb840000, 0x00000007cb840000)
  from space 34048K,   2% used [0x00000007cd980000, 0x00000007cda4c378, 0x00000007cfac0000)
  to   space 34048K,   0% used [0x00000007cb840000, 0x00000007cb840000, 0x00000007cd980000)
 concurrent mark-sweep generation total 707840K, used 93244K [0x00000007cfac0000, 0x00000007fae00000, 0x00000007fae00000)
 concurrent-mark-sweep perm gen total 63692K, used 38140K [0x00000007fae00000, 0x00000007fec33000, 0x0000000800000000)
Event: 162.549 GC heap after
Heap after GC invocations=28 (full 20):
 par new generation   total 306688K, used 1443K [0x00000007bae00000, 0x00000007cfac0000, 0x00000007cfac0000)
  eden space 272640K,   0% used [0x00000007bae00000, 0x00000007bae00000, 0x00000007cb840000)
  from space 34048K,   4% used [0x00000007cb840000, 0x00000007cb9a8ff0, 0x00000007cd980000)
  to   space 34048K,   0% used [0x00000007cd980000, 0x00000007cd980000, 0x00000007cfac0000)
 concurrent mark-sweep generation total 707840K, used 93261K [0x00000007cfac0000, 0x00000007fae00000, 0x00000007fae00000)
 concurrent-mark-sweep perm gen total 63692K, used 38140K [0x00000007fae00000, 0x00000007fec33000, 0x0000000800000000)
}
Event: 170.694 GC heap before
{Heap before GC invocations=28 (full 20):
 par new generation   total 306688K, used 274083K [0x00000007bae00000, 0x00000007cfac0000, 0x00000007cfac0000)
  eden space 272640K, 100% used [0x00000007bae00000, 0x00000007cb840000, 0x00000007cb840000)
  from space 34048K,   4% used [0x00000007cb840000, 0x00000007cb9a8ff0, 0x00000007cd980000)
  to   space 34048K,   0% used [0x00000007cd980000, 0x00000007cd980000, 0x00000007cfac0000)
 concurrent mark-sweep generation total 707840K, used 93261K [0x00000007cfac0000, 0x00000007fae00000, 0x00000007fae00000)
 concurrent-mark-sweep perm gen total 63692K, used 38148K [0x00000007fae00000, 0x00000007fec33000, 0x0000000800000000)
Event: 170.698 GC heap after
Heap after GC invocations=29 (full 20):
 par new generation   total 306688K, used 2209K [0x00000007bae00000, 0x00000007cfac0000, 0x00000007cfac0000)
  eden space 272640K,   0% used [0x00000007bae00000, 0x00000007bae00000, 0x00000007cb840000)
  from space 34048K,   6% used [0x00000007cd980000, 0x00000007cdba84e0, 0x00000007cfac0000)
  to   space 34048K,   0% used [0x00000007cb840000, 0x00000007cb840000, 0x00000007cd980000)
 concurrent mark-sweep generation total 707840K, used 93277K [0x00000007cfac0000, 0x00000007fae00000, 0x00000007fae00000)
 concurrent-mark-sweep perm gen total 63692K, used 38148K [0x00000007fae00000, 0x00000007fec33000, 0x0000000800000000)
}
Event: 178.441 GC heap before
{Heap before GC invocations=29 (full 20):
 par new generation   total 306688K, used 274849K [0x00000007bae00000, 0x00000007cfac0000, 0x00000007cfac0000)
  eden space 272640K, 100% used [0x00000007bae00000, 0x00000007cb840000, 0x00000007cb840000)
  from space 34048K,   6% used [0x00000007cd980000, 0x00000007cdba84e0, 0x00000007cfac0000)
  to   space 34048K,   0% used [0x00000007cb840000, 0x00000007cb840000, 0x00000007cd980000)
 concurrent mark-sweep generation total 707840K, used 93277K [0x00000007cfac0000, 0x00000007fae00000, 0x00000007fae00000)
 concurrent-mark-sweep perm gen total 63692K, used 38152K [0x00000007fae00000, 0x00000007fec33000, 0x0000000800000000)
Event: 178.446 GC heap after
Heap after GC invocations=30 (full 20):
 par new generation   total 306688K, used 2277K [0x00000007bae00000, 0x00000007cfac0000, 0x00000007cfac0000)
  eden space 272640K,   0% used [0x00000007bae00000, 0x00000007bae00000, 0x00000007cb840000)
  from space 34048K,   6% used [0x00000007cb840000, 0x00000007cba79620, 0x00000007cd980000)
  to   space 34048K,   0% used [0x00000007cd980000, 0x00000007cd980000, 0x00000007cfac0000)
 concurrent mark-sweep generation total 707840K, used 93317K [0x00000007cfac0000, 0x00000007fae00000, 0x00000007fae00000)
 concurrent-mark-sweep perm gen total 63692K, used 38152K [0x00000007fae00000, 0x00000007fec33000, 0x0000000800000000)
}
Event: 186.440 GC heap before
{Heap before GC invocations=30 (full 20):
 par new generation   total 306688K, used 274917K [0x00000007bae00000, 0x00000007cfac0000, 0x00000007cfac0000)
  eden space 272640K, 100% used [0x00000007bae00000, 0x00000007cb840000, 0x00000007cb840000)
  from space 34048K,   6% used [0x00000007cb840000, 0x00000007cba79620, 0x00000007cd980000)
  to   space 34048K,   0% used [0x00000007cd980000, 0x00000007cd980000, 0x00000007cfac0000)
 concurrent mark-sweep generation total 707840K, used 93317K [0x00000007cfac0000, 0x00000007fae00000, 0x00000007fae00000)
 concurrent-mark-sweep perm gen total 63692K, used 38154K [0x00000007fae00000, 0x00000007fec33000, 0x0000000800000000)
Event: 186.445 GC heap after
Heap after GC invocations=31 (full 20):
 par new generation   total 306688K, used 2743K [0x00000007bae00000, 0x00000007cfac0000, 0x00000007cfac0000)
  eden space 272640K,   0% used [0x00000007bae00000, 0x00000007bae00000, 0x00000007cb840000)
  from space 34048K,   8% used [0x00000007cd980000, 0x00000007cdc2dfc8, 0x00000007cfac0000)
  to   space 34048K,   0% used [0x00000007cb840000, 0x00000007cb840000, 0x00000007cd980000)
 concurrent mark-sweep generation total 707840K, used 93320K [0x00000007cfac0000, 0x00000007fae00000, 0x00000007fae00000)
 concurrent-mark-sweep perm gen total 63692K, used 38154K [0x00000007fae00000, 0x00000007fec33000, 0x0000000800000000)
}

