# JRE version: Java(TM) SE Runtime Environment (7.0_60-b19) (build 1.7.0_60-b19)
# Java VM: Java HotSpot(TM) 64-Bit Server VM (24.60-b09 mixed mode bsd-amd64 compressed oops)
Heap
 par new generation   total 306688K, used 28462K [0x000000010fc00000, 0x00000001248c0000, 0x00000001248c0000)
  eden space 272640K,   4% used [0x000000010fc00000, 0x00000001108ad360, 0x0000000120640000)
  from space 34048K,  45% used [0x0000000120640000, 0x000000012155e850, 0x0000000122780000)
  to   space 34048K,   0% used [0x0000000122780000, 0x0000000122780000, 0x00000001248c0000)
 concurrent mark-sweep generation total 707840K, used 66264K [0x00000001248c0000, 0x000000014fc00000, 0x000000014fc00000)
 concurrent-mark-sweep perm gen total 39824K, used 29141K [0x000000014fc00000, 0x00000001522e4000, 0x0000000154e00000)
GC Heap History (10 events):
Event: 28.399 GC heap before
{Heap before GC invocations=2 (full 2):
 par new generation   total 306688K, used 300123K [0x000000010fc00000, 0x00000001248c0000, 0x00000001248c0000)
  eden space 272640K, 100% used [0x000000010fc00000, 0x0000000120640000, 0x0000000120640000)
  from space 34048K,  80% used [0x0000000122780000, 0x0000000124256c60, 0x00000001248c0000)
  to   space 34048K,   0% used [0x0000000120640000, 0x0000000120640000, 0x0000000122780000)
 concurrent mark-sweep generation total 707840K, used 2217K [0x00000001248c0000, 0x000000014fc00000, 0x000000014fc00000)
 concurrent-mark-sweep perm gen total 38040K, used 23255K [0x000000014fc00000, 0x0000000152126000, 0x0000000154e00000)
Event: 28.524 GC heap after
Heap after GC invocations=3 (full 2):
 par new generation   total 306688K, used 24666K [0x000000010fc00000, 0x00000001248c0000, 0x00000001248c0000)
  eden space 272640K,   0% used [0x000000010fc00000, 0x000000010fc00000, 0x0000000120640000)
  from space 34048K,  72% used [0x0000000120640000, 0x0000000121e569f0, 0x0000000122780000)
  to   space 34048K,   0% used [0x0000000122780000, 0x0000000122780000, 0x00000001248c0000)
 concurrent mark-sweep generation total 707840K, used 23331K [0x00000001248c0000, 0x000000014fc00000, 0x000000014fc00000)
 concurrent-mark-sweep perm gen total 38040K, used 23255K [0x000000014fc00000, 0x0000000152126000, 0x0000000154e00000)
}
Event: 32.630 GC heap before
{Heap before GC invocations=3 (full 3):
 par new generation   total 306688K, used 297306K [0x000000010fc00000, 0x00000001248c0000, 0x00000001248c0000)
  eden space 272640K, 100% used [0x000000010fc00000, 0x0000000120640000, 0x0000000120640000)
  from space 34048K,  72% used [0x0000000120640000, 0x0000000121e569f0, 0x0000000122780000)
  to   space 34048K,   0% used [0x0000000122780000, 0x0000000122780000, 0x00000001248c0000)
 concurrent mark-sweep generation total 707840K, used 23331K [0x00000001248c0000, 0x000000014fc00000, 0x000000014fc00000)
 concurrent-mark-sweep perm gen total 38040K, used 23883K [0x000000014fc00000, 0x0000000152126000, 0x0000000154e00000)
Event: 32.706 GC heap after
Heap after GC invocations=4 (full 3):
 par new generation   total 306688K, used 34047K [0x000000010fc00000, 0x00000001248c0000, 0x00000001248c0000)
  eden space 272640K,   0% used [0x000000010fc00000, 0x000000010fc00000, 0x0000000120640000)
  from space 34048K,  99% used [0x0000000122780000, 0x00000001248bfff8, 0x00000001248c0000)
  to   space 34048K,   0% used [0x0000000120640000, 0x0000000120640000, 0x0000000122780000)
 concurrent mark-sweep generation total 707840K, used 43445K [0x00000001248c0000, 0x000000014fc00000, 0x000000014fc00000)
 concurrent-mark-sweep perm gen total 38040K, used 23883K [0x000000014fc00000, 0x0000000152126000, 0x0000000154e00000)
}
Event: 36.154 GC heap before
{Heap before GC invocations=4 (full 3):
 par new generation   total 306688K, used 306687K [0x000000010fc00000, 0x00000001248c0000, 0x00000001248c0000)
  eden space 272640K, 100% used [0x000000010fc00000, 0x0000000120640000, 0x0000000120640000)
  from space 34048K,  99% used [0x0000000122780000, 0x00000001248bfff8, 0x00000001248c0000)
  to   space 34048K,   0% used [0x0000000120640000, 0x0000000120640000, 0x0000000122780000)
 concurrent mark-sweep generation total 707840K, used 43359K [0x00000001248c0000, 0x000000014fc00000, 0x000000014fc00000)
 concurrent-mark-sweep perm gen total 39824K, used 27132K [0x000000014fc00000, 0x00000001522e4000, 0x0000000154e00000)
Event: 36.265 GC heap after
Heap after GC invocations=5 (full 3):
 par new generation   total 306688K, used 34048K [0x000000010fc00000, 0x00000001248c0000, 0x00000001248c0000)
  eden space 272640K,   0% used [0x000000010fc00000, 0x000000010fc00000, 0x0000000120640000)
  from space 34048K, 100% used [0x0000000120640000, 0x0000000122780000, 0x0000000122780000)
  to   space 34048K,   0% used [0x0000000122780000, 0x0000000122780000, 0x00000001248c0000)
 concurrent mark-sweep generation total 707840K, used 59209K [0x00000001248c0000, 0x000000014fc00000, 0x000000014fc00000)
 concurrent-mark-sweep perm gen total 39824K, used 27132K [0x000000014fc00000, 0x00000001522e4000, 0x0000000154e00000)
}
Event: 39.946 GC heap before
{Heap before GC invocations=5 (full 4):
 par new generation   total 306688K, used 306688K [0x000000010fc00000, 0x00000001248c0000, 0x00000001248c0000)
  eden space 272640K, 100% used [0x000000010fc00000, 0x0000000120640000, 0x0000000120640000)
  from space 34048K, 100% used [0x0000000120640000, 0x0000000122780000, 0x0000000122780000)
  to   space 34048K,   0% used [0x0000000122780000, 0x0000000122780000, 0x00000001248c0000)
 concurrent mark-sweep generation total 707840K, used 59209K [0x00000001248c0000, 0x000000014fc00000, 0x000000014fc00000)
 concurrent-mark-sweep perm gen total 39824K, used 28741K [0x000000014fc00000, 0x00000001522e4000, 0x0000000154e00000)
Event: 39.976 GC heap after
Heap after GC invocations=6 (full 4):
 par new generation   total 306688K, used 13580K [0x000000010fc00000, 0x00000001248c0000, 0x00000001248c0000)
  eden space 272640K,   0% used [0x000000010fc00000, 0x000000010fc00000, 0x0000000120640000)
  from space 34048K,  39% used [0x0000000122780000, 0x00000001234c3198, 0x00000001248c0000)
  to   space 34048K,   0% used [0x0000000120640000, 0x0000000120640000, 0x0000000122780000)
 concurrent mark-sweep generation total 707840K, used 66330K [0x00000001248c0000, 0x000000014fc00000, 0x000000014fc00000)
 concurrent-mark-sweep perm gen total 39824K, used 28741K [0x000000014fc00000, 0x00000001522e4000, 0x0000000154e00000)
}
Event: 211.107 GC heap before
{Heap before GC invocations=6 (full 4):
 par new generation   total 306688K, used 286220K [0x000000010fc00000, 0x00000001248c0000, 0x00000001248c0000)
  eden space 272640K, 100% used [0x000000010fc00000, 0x0000000120640000, 0x0000000120640000)
  from space 34048K,  39% used [0x0000000122780000, 0x00000001234c3198, 0x00000001248c0000)
  to   space 34048K,   0% used [0x0000000120640000, 0x0000000120640000, 0x0000000122780000)
 concurrent mark-sweep generation total 707840K, used 66264K [0x00000001248c0000, 0x000000014fc00000, 0x000000014fc00000)
 concurrent-mark-sweep perm gen total 39824K, used 29139K [0x000000014fc00000, 0x00000001522e4000, 0x0000000154e00000)
Event: 211.183 GC heap after
Heap after GC invocations=7 (full 4):
 par new generation   total 306688K, used 15482K [0x000000010fc00000, 0x00000001248c0000, 0x00000001248c0000)
  eden space 272640K,   0% used [0x000000010fc00000, 0x000000010fc00000, 0x0000000120640000)
  from space 34048K,  45% used [0x0000000120640000, 0x000000012155e850, 0x0000000122780000)
  to   space 34048K,   0% used [0x0000000122780000, 0x0000000122780000, 0x00000001248c0000)
 concurrent mark-sweep generation total 707840K, used 66264K [0x00000001248c0000, 0x000000014fc00000, 0x000000014fc00000)
 concurrent-mark-sweep perm gen total 39824K, used 29139K [0x000000014fc00000, 0x00000001522e4000, 0x0000000154e00000)
}

