# JRE version: Java(TM) SE Runtime Environment (7.0_60-b19) (build 1.7.0_60-b19)
# Java VM: Java HotSpot(TM) 64-Bit Server VM (24.60-b09 mixed mode bsd-amd64 compressed oops)
Heap
 par new generation   total 306688K, used 58118K [0x00000007bae00000, 0x00000007cfac0000, 0x00000007cfac0000)
  eden space 272640K,  16% used [0x00000007bae00000, 0x00000007bda881e0, 0x00000007cb840000)
  from space 34048K,  36% used [0x00000007cb840000, 0x00000007cc4797f0, 0x00000007cd980000)
  to   space 34048K,   0% used [0x00000007cd980000, 0x00000007cd980000, 0x00000007cfac0000)
 concurrent mark-sweep generation total 707840K, used 86932K [0x00000007cfac0000, 0x00000007fae00000, 0x00000007fae00000)
 concurrent-mark-sweep perm gen total 63156K, used 38060K [0x00000007fae00000, 0x00000007febad000, 0x0000000800000000)
GC Heap History (10 events):
Event: 207.265 GC heap before
{Heap before GC invocations=21 (full 11):
 par new generation   total 306688K, used 278975K [0x00000007bae00000, 0x00000007cfac0000, 0x00000007cfac0000)
  eden space 272640K, 100% used [0x00000007bae00000, 0x00000007cb840000, 0x00000007cb840000)
  from space 34048K,  18% used [0x00000007cd980000, 0x00000007cdfafe40, 0x00000007cfac0000)
  to   space 34048K,   0% used [0x00000007cb840000, 0x00000007cb840000, 0x00000007cd980000)
 concurrent mark-sweep generation total 707840K, used 86419K [0x00000007cfac0000, 0x00000007fae00000, 0x00000007fae00000)
 concurrent-mark-sweep perm gen total 63156K, used 37993K [0x00000007fae00000, 0x00000007febad000, 0x0000000800000000)
Event: 207.272 GC heap after
Heap after GC invocations=22 (full 11):
 par new generation   total 306688K, used 9768K [0x00000007bae00000, 0x00000007cfac0000, 0x00000007cfac0000)
  eden space 272640K,   0% used [0x00000007bae00000, 0x00000007bae00000, 0x00000007cb840000)
  from space 34048K,  28% used [0x00000007cb840000, 0x00000007cc1ca190, 0x00000007cd980000)
  to   space 34048K,   0% used [0x00000007cd980000, 0x00000007cd980000, 0x00000007cfac0000)
 concurrent mark-sweep generation total 707840K, used 86581K [0x00000007cfac0000, 0x00000007fae00000, 0x00000007fae00000)
 concurrent-mark-sweep perm gen total 63156K, used 37993K [0x00000007fae00000, 0x00000007febad000, 0x0000000800000000)
}
Event: 211.246 GC heap before
{Heap before GC invocations=22 (full 11):
 par new generation   total 306688K, used 282408K [0x00000007bae00000, 0x00000007cfac0000, 0x00000007cfac0000)
  eden space 272640K, 100% used [0x00000007bae00000, 0x00000007cb840000, 0x00000007cb840000)
  from space 34048K,  28% used [0x00000007cb840000, 0x00000007cc1ca190, 0x00000007cd980000)
  to   space 34048K,   0% used [0x00000007cd980000, 0x00000007cd980000, 0x00000007cfac0000)
 concurrent mark-sweep generation total 707840K, used 86581K [0x00000007cfac0000, 0x00000007fae00000, 0x00000007fae00000)
 concurrent-mark-sweep perm gen total 63156K, used 38000K [0x00000007fae00000, 0x00000007febad000, 0x0000000800000000)
Event: 211.254 GC heap after
Heap after GC invocations=23 (full 11):
 par new generation   total 306688K, used 11053K [0x00000007bae00000, 0x00000007cfac0000, 0x00000007cfac0000)
  eden space 272640K,   0% used [0x00000007bae00000, 0x00000007bae00000, 0x00000007cb840000)
  from space 34048K,  32% used [0x00000007cd980000, 0x00000007ce44b740, 0x00000007cfac0000)
  to   space 34048K,   0% used [0x00000007cb840000, 0x00000007cb840000, 0x00000007cd980000)
 concurrent mark-sweep generation total 707840K, used 86639K [0x00000007cfac0000, 0x00000007fae00000, 0x00000007fae00000)
 concurrent-mark-sweep perm gen total 63156K, used 38000K [0x00000007fae00000, 0x00000007febad000, 0x0000000800000000)
}
Event: 212.177 GC heap before
{Heap before GC invocations=23 (full 11):
 par new generation   total 306688K, used 283693K [0x00000007bae00000, 0x00000007cfac0000, 0x00000007cfac0000)
  eden space 272640K, 100% used [0x00000007bae00000, 0x00000007cb840000, 0x00000007cb840000)
  from space 34048K,  32% used [0x00000007cd980000, 0x00000007ce44b740, 0x00000007cfac0000)
  to   space 34048K,   0% used [0x00000007cb840000, 0x00000007cb840000, 0x00000007cd980000)
 concurrent mark-sweep generation total 707840K, used 86639K [0x00000007cfac0000, 0x00000007fae00000, 0x00000007fae00000)
 concurrent-mark-sweep perm gen total 63156K, used 38000K [0x00000007fae00000, 0x00000007febad000, 0x0000000800000000)
Event: 212.184 GC heap after
Heap after GC invocations=24 (full 11):
 par new generation   total 306688K, used 12951K [0x00000007bae00000, 0x00000007cfac0000, 0x00000007cfac0000)
  eden space 272640K,   0% used [0x00000007bae00000, 0x00000007bae00000, 0x00000007cb840000)
  from space 34048K,  38% used [0x00000007cb840000, 0x00000007cc4e5f40, 0x00000007cd980000)
  to   space 34048K,   0% used [0x00000007cd980000, 0x00000007cd980000, 0x00000007cfac0000)
 concurrent mark-sweep generation total 707840K, used 86640K [0x00000007cfac0000, 0x00000007fae00000, 0x00000007fae00000)
 concurrent-mark-sweep perm gen total 63156K, used 38000K [0x00000007fae00000, 0x00000007febad000, 0x0000000800000000)
}
Event: 223.996 GC heap before
{Heap before GC invocations=24 (full 11):
 par new generation   total 306688K, used 285591K [0x00000007bae00000, 0x00000007cfac0000, 0x00000007cfac0000)
  eden space 272640K, 100% used [0x00000007bae00000, 0x00000007cb840000, 0x00000007cb840000)
  from space 34048K,  38% used [0x00000007cb840000, 0x00000007cc4e5f40, 0x00000007cd980000)
  to   space 34048K,   0% used [0x00000007cd980000, 0x00000007cd980000, 0x00000007cfac0000)
 concurrent mark-sweep generation total 707840K, used 86640K [0x00000007cfac0000, 0x00000007fae00000, 0x00000007fae00000)
 concurrent-mark-sweep perm gen total 63156K, used 38004K [0x00000007fae00000, 0x00000007febad000, 0x0000000800000000)
Event: 224.004 GC heap after
Heap after GC invocations=25 (full 11):
 par new generation   total 306688K, used 12105K [0x00000007bae00000, 0x00000007cfac0000, 0x00000007cfac0000)
  eden space 272640K,   0% used [0x00000007bae00000, 0x00000007bae00000, 0x00000007cb840000)
  from space 34048K,  35% used [0x00000007cd980000, 0x00000007ce552790, 0x00000007cfac0000)
  to   space 34048K,   0% used [0x00000007cb840000, 0x00000007cb840000, 0x00000007cd980000)
 concurrent mark-sweep generation total 707840K, used 86882K [0x00000007cfac0000, 0x00000007fae00000, 0x00000007fae00000)
 concurrent-mark-sweep perm gen total 63156K, used 38004K [0x00000007fae00000, 0x00000007febad000, 0x0000000800000000)
}
Event: 637.269 GC heap before
{Heap before GC invocations=25 (full 11):
 par new generation   total 306688K, used 284745K [0x00000007bae00000, 0x00000007cfac0000, 0x00000007cfac0000)
  eden space 272640K, 100% used [0x00000007bae00000, 0x00000007cb840000, 0x00000007cb840000)
  from space 34048K,  35% used [0x00000007cd980000, 0x00000007ce552790, 0x00000007cfac0000)
  to   space 34048K,   0% used [0x00000007cb840000, 0x00000007cb840000, 0x00000007cd980000)
 concurrent mark-sweep generation total 707840K, used 86882K [0x00000007cfac0000, 0x00000007fae00000, 0x00000007fae00000)
 concurrent-mark-sweep perm gen total 63156K, used 38023K [0x00000007fae00000, 0x00000007febad000, 0x0000000800000000)
Event: 637.352 GC heap after
Heap after GC invocations=26 (full 11):
 par new generation   total 306688K, used 12517K [0x00000007bae00000, 0x00000007cfac0000, 0x00000007cfac0000)
  eden space 272640K,   0% used [0x00000007bae00000, 0x00000007bae00000, 0x00000007cb840000)
  from space 34048K,  36% used [0x00000007cb840000, 0x00000007cc4797f0, 0x00000007cd980000)
  to   space 34048K,   0% used [0x00000007cd980000, 0x00000007cd980000, 0x00000007cfac0000)
 concurrent mark-sweep generation total 707840K, used 86932K [0x00000007cfac0000, 0x00000007fae00000, 0x00000007fae00000)
 concurrent-mark-sweep perm gen total 63156K, used 38023K [0x00000007fae00000, 0x00000007febad000, 0x0000000800000000)
}

