# JRE version: Java(TM) SE Runtime Environment (7.0_60-b19) (build 1.7.0_60-b19)
# Java VM: Java HotSpot(TM) 64-Bit Server VM (24.60-b09 mixed mode bsd-amd64 compressed oops)
Heap
 par new generation   total 306688K, used 152599K [0x00000007bae00000, 0x00000007cfac0000, 0x00000007cfac0000)
  eden space 272640K,  53% used [0x00000007bae00000, 0x00000007c3c90128, 0x00000007cb840000)
  from space 34048K,  19% used [0x00000007cd980000, 0x00000007cdff5ba8, 0x00000007cfac0000)
  to   space 34048K,   0% used [0x00000007cb840000, 0x00000007cb840000, 0x00000007cd980000)
 concurrent mark-sweep generation total 707840K, used 124900K [0x00000007cfac0000, 0x00000007fae00000, 0x00000007fae00000)
 concurrent-mark-sweep perm gen total 59924K, used 36381K [0x00000007fae00000, 0x00000007fe885000, 0x0000000800000000)
GC Heap History (10 events):
Event: 109.248 GC heap before
{Heap before GC invocations=12 (full 10):
 par new generation   total 306688K, used 278094K [0x00000007bae00000, 0x00000007cfac0000, 0x00000007cfac0000)
  eden space 272640K, 100% used [0x00000007bae00000, 0x00000007cb840000, 0x00000007cb840000)
  from space 34048K,  16% used [0x00000007cb840000, 0x00000007cbd93980, 0x00000007cd980000)
  to   space 34048K,   0% used [0x00000007cd980000, 0x00000007cd980000, 0x00000007cfac0000)
 concurrent mark-sweep generation total 707840K, used 123287K [0x00000007cfac0000, 0x00000007fae00000, 0x00000007fae00000)
 concurrent-mark-sweep perm gen total 59924K, used 36094K [0x00000007fae00000, 0x00000007fe885000, 0x0000000800000000)
Event: 109.265 GC heap after
Heap after GC invocations=13 (full 10):
 par new generation   total 306688K, used 11154K [0x00000007bae00000, 0x00000007cfac0000, 0x00000007cfac0000)
  eden space 272640K,   0% used [0x00000007bae00000, 0x00000007bae00000, 0x00000007cb840000)
  from space 34048K,  32% used [0x00000007cd980000, 0x00000007ce464900, 0x00000007cfac0000)
  to   space 34048K,   0% used [0x00000007cb840000, 0x00000007cb840000, 0x00000007cd980000)
 concurrent mark-sweep generation total 707840K, used 123287K [0x00000007cfac0000, 0x00000007fae00000, 0x00000007fae00000)
 concurrent-mark-sweep perm gen total 59924K, used 36094K [0x00000007fae00000, 0x00000007fe885000, 0x0000000800000000)
}
Event: 123.262 GC heap before
{Heap before GC invocations=13 (full 10):
 par new generation   total 306688K, used 283794K [0x00000007bae00000, 0x00000007cfac0000, 0x00000007cfac0000)
  eden space 272640K, 100% used [0x00000007bae00000, 0x00000007cb840000, 0x00000007cb840000)
  from space 34048K,  32% used [0x00000007cd980000, 0x00000007ce464900, 0x00000007cfac0000)
  to   space 34048K,   0% used [0x00000007cb840000, 0x00000007cb840000, 0x00000007cd980000)
 concurrent mark-sweep generation total 707840K, used 123287K [0x00000007cfac0000, 0x00000007fae00000, 0x00000007fae00000)
 concurrent-mark-sweep perm gen total 59924K, used 36160K [0x00000007fae00000, 0x00000007fe885000, 0x0000000800000000)
Event: 123.271 GC heap after
Heap after GC invocations=14 (full 10):
 par new generation   total 306688K, used 10440K [0x00000007bae00000, 0x00000007cfac0000, 0x00000007cfac0000)
  eden space 272640K,   0% used [0x00000007bae00000, 0x00000007bae00000, 0x00000007cb840000)
  from space 34048K,  30% used [0x00000007cb840000, 0x00000007cc272240, 0x00000007cd980000)
  to   space 34048K,   0% used [0x00000007cd980000, 0x00000007cd980000, 0x00000007cfac0000)
 concurrent mark-sweep generation total 707840K, used 123287K [0x00000007cfac0000, 0x00000007fae00000, 0x00000007fae00000)
 concurrent-mark-sweep perm gen total 59924K, used 36160K [0x00000007fae00000, 0x00000007fe885000, 0x0000000800000000)
}
Event: 137.757 GC heap before
{Heap before GC invocations=14 (full 10):
 par new generation   total 306688K, used 283080K [0x00000007bae00000, 0x00000007cfac0000, 0x00000007cfac0000)
  eden space 272640K, 100% used [0x00000007bae00000, 0x00000007cb840000, 0x00000007cb840000)
  from space 34048K,  30% used [0x00000007cb840000, 0x00000007cc272240, 0x00000007cd980000)
  to   space 34048K,   0% used [0x00000007cd980000, 0x00000007cd980000, 0x00000007cfac0000)
 concurrent mark-sweep generation total 707840K, used 123287K [0x00000007cfac0000, 0x00000007fae00000, 0x00000007fae00000)
 concurrent-mark-sweep perm gen total 59924K, used 36240K [0x00000007fae00000, 0x00000007fe885000, 0x0000000800000000)
Event: 137.764 GC heap after
Heap after GC invocations=15 (full 10):
 par new generation   total 306688K, used 6627K [0x00000007bae00000, 0x00000007cfac0000, 0x00000007cfac0000)
  eden space 272640K,   0% used [0x00000007bae00000, 0x00000007bae00000, 0x00000007cb840000)
  from space 34048K,  19% used [0x00000007cd980000, 0x00000007cdff8fd8, 0x00000007cfac0000)
  to   space 34048K,   0% used [0x00000007cb840000, 0x00000007cb840000, 0x00000007cd980000)
 concurrent mark-sweep generation total 707840K, used 123287K [0x00000007cfac0000, 0x00000007fae00000, 0x00000007fae00000)
 concurrent-mark-sweep perm gen total 59924K, used 36240K [0x00000007fae00000, 0x00000007fe885000, 0x0000000800000000)
}
Event: 153.686 GC heap before
{Heap before GC invocations=15 (full 10):
 par new generation   total 306688K, used 279267K [0x00000007bae00000, 0x00000007cfac0000, 0x00000007cfac0000)
  eden space 272640K, 100% used [0x00000007bae00000, 0x00000007cb840000, 0x00000007cb840000)
  from space 34048K,  19% used [0x00000007cd980000, 0x00000007cdff8fd8, 0x00000007cfac0000)
  to   space 34048K,   0% used [0x00000007cb840000, 0x00000007cb840000, 0x00000007cd980000)
 concurrent mark-sweep generation total 707840K, used 123287K [0x00000007cfac0000, 0x00000007fae00000, 0x00000007fae00000)
 concurrent-mark-sweep perm gen total 59924K, used 36317K [0x00000007fae00000, 0x00000007fe885000, 0x0000000800000000)
Event: 153.694 GC heap after
Heap after GC invocations=16 (full 10):
 par new generation   total 306688K, used 6424K [0x00000007bae00000, 0x00000007cfac0000, 0x00000007cfac0000)
  eden space 272640K,   0% used [0x00000007bae00000, 0x00000007bae00000, 0x00000007cb840000)
  from space 34048K,  18% used [0x00000007cb840000, 0x00000007cbe86040, 0x00000007cd980000)
  to   space 34048K,   0% used [0x00000007cd980000, 0x00000007cd980000, 0x00000007cfac0000)
 concurrent mark-sweep generation total 707840K, used 123287K [0x00000007cfac0000, 0x00000007fae00000, 0x00000007fae00000)
 concurrent-mark-sweep perm gen total 59924K, used 36317K [0x00000007fae00000, 0x00000007fe885000, 0x0000000800000000)
}
Event: 169.298 GC heap before
{Heap before GC invocations=16 (full 10):
 par new generation   total 306688K, used 279064K [0x00000007bae00000, 0x00000007cfac0000, 0x00000007cfac0000)
  eden space 272640K, 100% used [0x00000007bae00000, 0x00000007cb840000, 0x00000007cb840000)
  from space 34048K,  18% used [0x00000007cb840000, 0x00000007cbe86040, 0x00000007cd980000)
  to   space 34048K,   0% used [0x00000007cd980000, 0x00000007cd980000, 0x00000007cfac0000)
 concurrent mark-sweep generation total 707840K, used 123287K [0x00000007cfac0000, 0x00000007fae00000, 0x00000007fae00000)
 concurrent-mark-sweep perm gen total 59924K, used 36366K [0x00000007fae00000, 0x00000007fe885000, 0x0000000800000000)
Event: 169.306 GC heap after
Heap after GC invocations=17 (full 10):
 par new generation   total 306688K, used 6614K [0x00000007bae00000, 0x00000007cfac0000, 0x00000007cfac0000)
  eden space 272640K,   0% used [0x00000007bae00000, 0x00000007bae00000, 0x00000007cb840000)
  from space 34048K,  19% used [0x00000007cd980000, 0x00000007cdff5ba8, 0x00000007cfac0000)
  to   space 34048K,   0% used [0x00000007cb840000, 0x00000007cb840000, 0x00000007cd980000)
 concurrent mark-sweep generation total 707840K, used 124900K [0x00000007cfac0000, 0x00000007fae00000, 0x00000007fae00000)
 concurrent-mark-sweep perm gen total 59924K, used 36366K [0x00000007fae00000, 0x00000007fe885000, 0x0000000800000000)
}

